Using pre-set license
Built from '2020.3/staging' branch; Version is '2020.3.21f1 (a38c86f6690f) revision 10718342'; Using compiler version '192528614'; Build Type 'Release'
OS: 'Windows 10 Home; OS build 22000.856; Version 2009; 64bit' Language: 'zh' Physical Memory: 8039 MB
BatchMode: 1, IsHumanControllingUs: 0, StartBugReporterOnCrash: 0, Is64bit: 1, IsPro: 0

COMMAND LINE ARGUMENTS:
C:\Program Files\Unity\Hub\Editor\2020.3.21f1\Editor\Unity.exe
-adb2
-batchMode
-noUpm
-name
AssetImportWorker0
-projectPath
C:/Users/mtkin/Downloads/game_final/MT''s Project
-logFile
Logs/AssetImportWorker0.log
-srvPort
54958
Successfully changed project path to: C:/Users/mtkin/Downloads/game_final/MT''s Project
C:/Users/mtkin/Downloads/game_final/MT''s Project
Using Asset Import Pipeline V2.
Refreshing native plugins compatible for Editor in 68.22 ms, found 6 plugins.
Preloading 0 native plugins for Editor in 0.00 ms.
Initialize engine version: 2020.3.21f1 (a38c86f6690f)
[Subsystems] Discovering subsystems at path C:/Program Files/Unity/Hub/Editor/2020.3.21f1/Editor/Data/Resources/UnitySubsystems
[Subsystems] Discovering subsystems at path C:/Users/mtkin/Downloads/game_final/MT''s Project/Assets
GfxDevice: creating device client; threaded=0
Direct3D:
    Version:  Direct3D 11.0 [level 11.1]
    Renderer: Intel(R) UHD Graphics 620 (ID=0x3ea0)
    Vendor:   
    VRAM:     4019 MB
    Driver:   24.20.100.6287
Initialize mono
Mono path[0] = 'C:/Program Files/Unity/Hub/Editor/2020.3.21f1/Editor/Data/Managed'
Mono path[1] = 'C:/Program Files/Unity/Hub/Editor/2020.3.21f1/Editor/Data/MonoBleedingEdge/lib/mono/unityjit'
Mono config path = 'C:/Program Files/Unity/Hub/Editor/2020.3.21f1/Editor/Data/MonoBleedingEdge/etc'
Using monoOptions --debugger-agent=transport=dt_socket,embedding=1,server=y,suspend=n,address=127.0.0.1:56128
Begin MonoManager ReloadAssembly
Registering precompiled unity dll's ...
Register platform support module: C:/Program Files/Unity/Hub/Editor/2020.3.21f1/Editor/Data/PlaybackEngines/WindowsStandaloneSupport/UnityEditor.WindowsStandalone.Extensions.dll
Registered in 0.007263 seconds.
Native extension for WindowsStandalone target not found
Refreshing native plugins compatible for Editor in 70.62 ms, found 6 plugins.
Preloading 0 native plugins for Editor in 0.00 ms.
Mono: successfully reloaded assembly
- Completed reload, in  4.516 seconds
Domain Reload Profiling:
	ReloadAssembly (4516ms)
		BeginReloadAssembly (57ms)
			ExecutionOrderSort (0ms)
			DisableScriptedObjects (0ms)
			BackupInstance (0ms)
			ReleaseScriptingObjects (0ms)
			CreateAndSetChildDomain (1ms)
		EndReloadAssembly (542ms)
			LoadAssemblies (55ms)
			RebuildTransferFunctionScriptingTraits (0ms)
			SetupTypeCache (168ms)
			ReleaseScriptCaches (0ms)
			RebuildScriptCaches (41ms)
			SetupLoadedEditorAssemblies (218ms)
				LogAssemblyErrors (0ms)
				InitializePlatformSupportModulesInManaged (5ms)
				SetLoadedEditorAssemblies (0ms)
				RefreshPlugins (71ms)
				BeforeProcessingInitializeOnLoad (19ms)
				ProcessInitializeOnLoadAttributes (91ms)
				ProcessInitializeOnLoadMethodAttributes (31ms)
				AfterProcessingInitializeOnLoad (0ms)
				EditorAssembliesLoaded (0ms)
			ExecutionOrderSort2 (0ms)
			AwakeInstancesAfterBackupRestoration (0ms)
Platform modules already initialized, skipping
Registering precompiled user dll's ...
Registered in 0.014154 seconds.
Begin MonoManager ReloadAssembly
Native extension for WindowsStandalone target not found
Refreshing native plugins compatible for Editor in 54.80 ms, found 6 plugins.
Preloading 0 native plugins for Editor in 0.00 ms.
Mono: successfully reloaded assembly
- Completed reload, in  1.431 seconds
Domain Reload Profiling:
	ReloadAssembly (1432ms)
		BeginReloadAssembly (159ms)
			ExecutionOrderSort (0ms)
			DisableScriptedObjects (5ms)
			BackupInstance (0ms)
			ReleaseScriptingObjects (0ms)
			CreateAndSetChildDomain (21ms)
		EndReloadAssembly (1199ms)
			LoadAssemblies (131ms)
			RebuildTransferFunctionScriptingTraits (0ms)
			SetupTypeCache (343ms)
			ReleaseScriptCaches (0ms)
			RebuildScriptCaches (70ms)
			SetupLoadedEditorAssemblies (488ms)
				LogAssemblyErrors (0ms)
				InitializePlatformSupportModulesInManaged (5ms)
				SetLoadedEditorAssemblies (0ms)
				RefreshPlugins (55ms)
				BeforeProcessingInitializeOnLoad (116ms)
				ProcessInitializeOnLoadAttributes (282ms)
				ProcessInitializeOnLoadMethodAttributes (23ms)
				AfterProcessingInitializeOnLoad (6ms)
				EditorAssembliesLoaded (0ms)
			ExecutionOrderSort2 (0ms)
			AwakeInstancesAfterBackupRestoration (8ms)
Platform modules already initialized, skipping
========================================================================
Worker process is ready to serve import requests
Launched and connected shader compiler UnityShaderCompiler.exe after 0.06 seconds
Refreshing native plugins compatible for Editor in 0.63 ms, found 6 plugins.
Preloading 0 native plugins for Editor in 0.00 ms.
Unloading 2493 Unused Serialized files (Serialized files now loaded: 0)
System memory in use before: 106.8 MB.
System memory in use after: 107.0 MB.

Unloading 35 unused Assets to reduce memory usage. Loaded Objects now: 2928.
Total: 3.810600 ms (FindLiveObjects: 0.249700 ms CreateObjectMapping: 0.110100 ms MarkObjects: 3.397400 ms  DeleteObjects: 0.052300 ms)

AssetImportParameters requested are different than current active one (requested -> active):
  custom:framework-win-MediaFoundation: 216162199b28c13a410421893ffa2e32 -> 
  custom:video-decoder-ogg-theora: a1e56fd34408186e4bbccfd4996cb3dc -> 
  custom:container-muxer-webm: aa71ff27fc2769a1b78a27578f13a17b -> 
  custom:container-demuxer-webm: 4f35f7cbe854078d1ac9338744f61a02 -> 
  custom:container-demuxer-ogg: 62fdf1f143b41e24485cea50d1cbac27 -> 
  custom:video-encoder-webm-vp8: eb34c28f22e8b96e1ab97ce403110664 -> 
  custom:video-decoder-webm-vp8: 9c59270c3fd7afecdb556c50c9e8de78 -> 
  custom:audio-decoder-ogg-vorbis: bf7c407c2cedff20999df2af8eb42d56 -> 
  custom:audio-encoder-webm-vorbis: bf7c407c2cedff20999df2af8eb42d56 -> 
========================================================================
Received Import Request.
  path: Assets/Art/Signs/Signs_51.png
  artifactKey: Guid(39f7f96d0c673fd4896498052a408fa1) Importer(815301076,1909f56bfc062723c751e8b465ee728b)
Start importing Assets/Art/Signs/Signs_51.png using Guid(39f7f96d0c673fd4896498052a408fa1) Importer(815301076,1909f56bfc062723c751e8b465ee728b)  -> (artifact id: 'd9aab68263b31180019d097b66d1d90e') in 0.130904 seconds 
  Import took 0.139135 seconds .

========================================================================
Received Import Request.
  Time since last request: 0.000311 seconds.
  path: Assets/Art/Signs/Signs_50.png
  artifactKey: Guid(b94d9a3ab42094a4cb7eaffa45b714e4) Importer(815301076,1909f56bfc062723c751e8b465ee728b)
Start importing Assets/Art/Signs/Signs_50.png using Guid(b94d9a3ab42094a4cb7eaffa45b714e4) Importer(815301076,1909f56bfc062723c751e8b465ee728b)  -> (artifact id: '5d896414f5fd1c2000916e6c3e48bdec') in 0.043073 seconds 
  Import took 0.047905 seconds .

========================================================================
Received Import Request.
  Time since last request: 0.000452 seconds.
  path: Assets/Art/Signs/Signs_48.png
  artifactKey: Guid(ed7295014d4f15149879bc7b1c20b8da) Importer(815301076,1909f56bfc062723c751e8b465ee728b)
Start importing Assets/Art/Signs/Signs_48.png using Guid(ed7295014d4f15149879bc7b1c20b8da) Importer(815301076,1909f56bfc062723c751e8b465ee728b)  -> (artifact id: '17ab90979f9cd873a488225bce7f678d') in 0.035354 seconds 
  Import took 0.041451 seconds .

========================================================================
Received Import Request.
  Time since last request: 0.000271 seconds.
  path: Assets/Art/Signs/Signs_52.png
  artifactKey: Guid(1fecd0c8934125148b4f6a384972ecc8) Importer(815301076,1909f56bfc062723c751e8b465ee728b)
Start importing Assets/Art/Signs/Signs_52.png using Guid(1fecd0c8934125148b4f6a384972ecc8) Importer(815301076,1909f56bfc062723c751e8b465ee728b)  -> (artifact id: 'add8a2fbe0bff151af507c3526ee1a12') in 0.028073 seconds 
  Import took 0.034908 seconds .

========================================================================
Received Import Request.
  Time since last request: 33.597881 seconds.
  path: Assets/Art/Sprite/Spike
  artifactKey: Guid(fad86338ab11e8e4a9b05cef2087005d) Importer(815301076,1909f56bfc062723c751e8b465ee728b)
Start importing Assets/Art/Sprite/Spike using Guid(fad86338ab11e8e4a9b05cef2087005d) Importer(815301076,1909f56bfc062723c751e8b465ee728b)  -> (artifact id: 'd976aeccca77b9f5e403e5e382353789') in 0.007492 seconds 
  Import took 0.011726 seconds .

AssetImportWorkerClient::OnTransportError - code=2 error=End of file
